c:\users\sri07\project0-getting-started\build\lib\debug\cis565_getting_started.lib
c:\users\sri07\project0-getting-started\build\lib\debug\cis565_getting_started.exp
c:\users\sri07\project0-getting-started\build\cis565_getting_started.dir\debug\vc140.pdb
c:\users\sri07\project0-getting-started\build\cis565_getting_started.dir\debug\main.obj
c:\users\sri07\project0-getting-started\build\cis565_getting_started.dir\debug\glslutility.obj
c:\users\sri07\project0-getting-started\build\cmakefiles\cis565_getting_started.dir\src\debug\cis565_getting_started_generated_kernel.cu.obj
c:\users\sri07\project0-getting-started\build\cmakefiles\generate.stamp
c:\users\sri07\project0-getting-started\build\bin\debug\cis565_getting_started.ilk
c:\users\sri07\project0-getting-started\build\bin\debug\cis565_getting_started.exe
c:\users\sri07\project0-getting-started\build\bin\debug\cis565_getting_started.pdb
c:\users\sri07\project0-getting-started\build\cis565_getting_started.dir\debug\cis565_g.9d2e9da8.tlog\cis565_getting_started.write.1u.tlog
c:\users\sri07\project0-getting-started\build\cis565_getting_started.dir\debug\cis565_g.9d2e9da8.tlog\cl.command.1.tlog
c:\users\sri07\project0-getting-started\build\cis565_getting_started.dir\debug\cis565_g.9d2e9da8.tlog\cl.read.1.tlog
c:\users\sri07\project0-getting-started\build\cis565_getting_started.dir\debug\cis565_g.9d2e9da8.tlog\cl.write.1.tlog
c:\users\sri07\project0-getting-started\build\cis565_getting_started.dir\debug\cis565_g.9d2e9da8.tlog\custombuild.command.1.tlog
c:\users\sri07\project0-getting-started\build\cis565_getting_started.dir\debug\cis565_g.9d2e9da8.tlog\custombuild.read.1.tlog
c:\users\sri07\project0-getting-started\build\cis565_getting_started.dir\debug\cis565_g.9d2e9da8.tlog\custombuild.write.1.tlog
c:\users\sri07\project0-getting-started\build\cis565_getting_started.dir\debug\cis565_g.9d2e9da8.tlog\link.command.1.tlog
c:\users\sri07\project0-getting-started\build\cis565_getting_started.dir\debug\cis565_g.9d2e9da8.tlog\link.read.1.tlog
c:\users\sri07\project0-getting-started\build\cis565_getting_started.dir\debug\cis565_g.9d2e9da8.tlog\link.write.1.tlog
